<?xml version="1.0" encoding="UTF-8"?>
<testng-results skipped="0" failed="0" ignored="0" total="3" passed="3">
  <reporter-output>
  </reporter-output>
  <suite name="Default suite" duration-ms="56839" started-at="2020-05-22T18:54:29 EDT" finished-at="2020-05-22T18:55:25 EDT">
    <groups>
    </groups>
    <test name="Default test" duration-ms="56839" started-at="2020-05-22T18:54:29 EDT" finished-at="2020-05-22T18:55:25 EDT">
      <class name="facebook.fbookTest">
        <test-method status="PASS" signature="sad(java.lang.String, java.lang.String, java.lang.String, java.lang.String, java.lang.String, java.lang.String, java.lang.String, java.lang.String, java.lang.String)[pri:0, instance:facebook.fbookTest@2781e022]" name="sad" duration-ms="20411" started-at="2020-05-22T18:54:29 EDT" data-provider="getData" finished-at="2020-05-22T18:54:49 EDT">
          <params>
            <param index="0">
              <value>
                <![CDATA[Aman@Kaman]]>
              </value>
            </param>
            <param index="1">
              <value>
                <![CDATA[123345]]>
              </value>
            </param>
            <param index="2">
              <value>
                <![CDATA[kans]]>
              </value>
            </param>
            <param index="3">
              <value>
                <![CDATA[lans]]>
              </value>
            </param>
            <param index="4">
              <value>
                <![CDATA[78654556]]>
              </value>
            </param>
            <param index="5">
              <value>
                <![CDATA[yyyyyy]]>
              </value>
            </param>
            <param index="6">
              <value>
                <![CDATA[Jan]]>
              </value>
            </param>
            <param index="7">
              <value>
                <![CDATA[15]]>
              </value>
            </param>
            <param index="8">
              <value>
                <![CDATA[2001]]>
              </value>
            </param>
          </params>
          <reporter-output>
          </reporter-output>
        </test-method> <!-- sad -->
        <test-method status="PASS" signature="sad(java.lang.String, java.lang.String, java.lang.String, java.lang.String, java.lang.String, java.lang.String, java.lang.String, java.lang.String, java.lang.String)[pri:0, instance:facebook.fbookTest@2781e022]" name="sad" duration-ms="18209" started-at="2020-05-22T18:54:49 EDT" data-provider="getData" finished-at="2020-05-22T18:55:07 EDT">
          <params>
            <param index="0">
              <value>
                <![CDATA[Kaman@Aman]]>
              </value>
            </param>
            <param index="1">
              <value>
                <![CDATA[543212]]>
              </value>
            </param>
            <param index="2">
              <value>
                <![CDATA[Jana]]>
              </value>
            </param>
            <param index="3">
              <value>
                <![CDATA[Fana]]>
              </value>
            </param>
            <param index="4">
              <value>
                <![CDATA[768655656]]>
              </value>
            </param>
            <param index="5">
              <value>
                <![CDATA[xxxxxx]]>
              </value>
            </param>
            <param index="6">
              <value>
                <![CDATA[Feb]]>
              </value>
            </param>
            <param index="7">
              <value>
                <![CDATA[21]]>
              </value>
            </param>
            <param index="8">
              <value>
                <![CDATA[2015]]>
              </value>
            </param>
          </params>
          <reporter-output>
          </reporter-output>
        </test-method> <!-- sad -->
        <test-method status="PASS" signature="sad(java.lang.String, java.lang.String, java.lang.String, java.lang.String, java.lang.String, java.lang.String, java.lang.String, java.lang.String, java.lang.String)[pri:0, instance:facebook.fbookTest@2781e022]" name="sad" duration-ms="18147" started-at="2020-05-22T18:55:07 EDT" data-provider="getData" finished-at="2020-05-22T18:55:25 EDT">
          <params>
            <param index="0">
              <value>
                <![CDATA[jolly@Kaman]]>
              </value>
            </param>
            <param index="1">
              <value>
                <![CDATA[876543]]>
              </value>
            </param>
            <param index="2">
              <value>
                <![CDATA[ytrags]]>
              </value>
            </param>
            <param index="3">
              <value>
                <![CDATA[kjhgh]]>
              </value>
            </param>
            <param index="4">
              <value>
                <![CDATA[878787877]]>
              </value>
            </param>
            <param index="5">
              <value>
                <![CDATA[zzzzzzz]]>
              </value>
            </param>
            <param index="6">
              <value>
                <![CDATA[Jun]]>
              </value>
            </param>
            <param index="7">
              <value>
                <![CDATA[25]]>
              </value>
            </param>
            <param index="8">
              <value>
                <![CDATA[2012]]>
              </value>
            </param>
          </params>
          <reporter-output>
          </reporter-output>
        </test-method> <!-- sad -->
      </class> <!-- facebook.fbookTest -->
    </test> <!-- Default test -->
  </suite> <!-- Default suite -->
</testng-results>
